
************** Start Log For Day : 2024-03-19 00:58:32am**********\n
BTC Payment Notification--- Payment ID --> 6000702342, Item Type -> Extension, Item --> 166745, Payment Status --> waiting\n
BTC Payment Notification--- Payment ID --> 5811107691, Item Type -> Extension, Item --> 226954, Payment Status --> waiting\n
BTC Payment Notification--- Payment ID --> 4835650902, Item Type -> Extension, Item --> 984052-487213-369790-656433, Payment Status --> waiting\n
BTC Payment Notification--- Payment ID --> 6395514499, Item Type -> Extension, Item --> 593100, Payment Status --> waiting\n
************** END Log For Day : 2024-03-19 00:58:33am**********\n
************** Start Log For Day : 2024-03-19 01:43:14am**********\n
BTC Payment Notification--- Payment ID --> 6000702342, Item Type -> Extension, Item --> 166745, Payment Status --> waiting\n
BTC Payment Notification--- Payment ID --> 5811107691, Item Type -> Extension, Item --> 226954, Payment Status --> waiting\n
BTC Payment Notification--- Payment ID --> 4835650902, Item Type -> Extension, Item --> 984052-487213-369790-656433, Payment Status --> waiting\n
BTC Payment Notification--- Payment ID --> 6395514499, Item Type -> Extension, Item --> 593100, Payment Status --> waiting\n
************** END Log For Day : 2024-03-19 01:43:15am**********\n
************** Start Log For Day : 2024-03-19 01:46:19am**********\n
BTC Payment Notification--- Payment ID --> 6000702342, Item Type -> Extension, Item --> 166745, Payment Status --> waiting\n
BTC Payment Notification--- Payment ID --> 5811107691, Item Type -> Extension, Item --> 226954, Payment Status --> waiting\n
BTC Payment Notification--- Payment ID --> 4835650902, Item Type -> Extension, Item --> 984052-487213-369790-656433, Payment Status --> waiting\n
BTC Payment Notification--- Payment ID --> 6395514499, Item Type -> Extension, Item --> 593100, Payment Status --> waiting\n
BTC Payment Notification--- Payment ID --> 6010586189, Item Type -> Extension, Item --> 464646-711950, Payment Status --> waiting\n
************** END Log For Day : 2024-03-19 01:46:20am**********\n
************** Start Log For Day : 2024-03-19 01:48:32am**********\n
BTC Payment Notification--- Payment ID --> 6000702342, Item Type -> Extension, Item --> 166745, Payment Status --> waiting\n
BTC Payment Notification--- Payment ID --> 5811107691, Item Type -> Extension, Item --> 226954, Payment Status --> waiting\n
BTC Payment Notification--- Payment ID --> 4835650902, Item Type -> Extension, Item --> 984052-487213-369790-656433, Payment Status --> waiting\n
BTC Payment Notification--- Payment ID --> 6395514499, Item Type -> Extension, Item --> 593100, Payment Status --> waiting\n
BTC Payment Notification--- Payment ID --> 6010586189, Item Type -> Extension, Item --> 464646-711950, Payment Status --> waiting\n
************** END Log For Day : 2024-03-19 01:48:32am**********\n
************** Start Log For Day : 2024-03-19 01:50:13am**********\n
BTC Payment Successful Notification--- Payment ID --> 6000702342, Item Type -> Extension, Item --> 166745, Payment Status --> finished\n
BTC Payment Successful Notification--- Payment ID --> 5811107691, Item Type -> Extension, Item --> 226954, Payment Status --> finished\n
BTC Payment Successful Notification--- Payment ID --> 4835650902, Item Type -> Extension, Item --> 984052-487213-369790-656433, Payment Status --> finished\n
BTC Payment Successful Notification--- Payment ID --> 6395514499, Item Type -> Extension, Item --> 593100, Payment Status --> finished\n
BTC Payment Successful Notification--- Payment ID --> 6010586189, Item Type -> Extension, Item --> 464646-711950, Payment Status --> finished\n
************** END Log For Day : 2024-03-19 01:50:56am**********\n
************** Start Log For Day : 2024-03-19 01:53:36am**********\n
************** END Log For Day : 2024-03-19 01:53:36am**********\n
************** Start Log For Day : 2024-03-19 01:54:26am**********\n
BTC Payment Successful Notification--- Payment ID --> 6010586189, Item Type -> Extension, Item --> 464646-711950, Payment Status --> finished\n
************** END Log For Day : 2024-03-19 01:54:27am**********\n
************** Start Log For Day : 2024-03-19 01:55:41am**********\n
BTC Payment Notification--- Payment ID --> 6010586189, Item Type -> Extension, Item --> 464646-711950, Payment Status --> waiting\n
************** END Log For Day : 2024-03-19 01:55:42am**********\n
************** Start Log For Day : 2024-03-19 07:50:01am**********\n
BTC Payment Notification--- Payment ID --> 6010586189, Item Type -> Extension, Item --> 464646-711950, Payment Status --> waiting\n
************** END Log For Day : 2024-03-19 07:50:01am**********\n