
************** Start Log For Day : 2024-04-18 03:30:28am**********\n
\n
BTC Payment Notification--- Payment ID --> 5243962522, Item Type -> Extension, Item --> 547420, Payment Status --> \n
\n
BTC Payment Notification--- Payment ID --> 4618312949, Item Type -> Extension, Item --> 824598, Payment Status --> \n
\n
BTC Payment Notification--- Payment ID --> 4449084445, Item Type -> Extension, Item --> 597574, Payment Status --> \n
Array\n
BTC Payment Notification--- Payment ID --> 4511742731, Item Type -> Extension, Item --> 802259-254281, Payment Status --> expired\n
Array\n
BTC Payment Notification--- Payment ID --> 4754623935, Item Type -> Extension, Item --> 732334, Payment Status --> expired\n
Array\n
BTC Payment Notification--- Payment ID --> 5348253468, Item Type -> Extension, Item --> 377998, Payment Status --> expired\n
Array\n
BTC Payment Notification--- Payment ID --> 5888073097, Item Type -> Extension, Item --> 813140, Payment Status --> expired\n
Array\n
BTC Payment Notification--- Payment ID --> 5825940962, Item Type -> Extension, Item --> 582736-930907-449127-941467-425820, Payment Status --> expired\n
Array\n
BTC Payment Notification--- Payment ID --> 4602302117, Item Type -> Extension, Item --> 595698-700440-681921-497459-124234, Payment Status --> expired\n
Array\n
BTC Payment Notification--- Payment ID --> 6434688786, Item Type -> Extension, Item --> 458925, Payment Status --> expired\n
Array\n
BTC Payment Notification--- Payment ID --> 5393794822, Item Type -> Extension, Item --> 875699-895834, Payment Status --> waiting\n
Array\n
BTC Payment Notification--- Payment ID --> 5663395886, Item Type -> Extension, Item --> 866410, Payment Status --> waiting\n
Array\n
BTC Payment Notification--- Payment ID --> 6223023370, Item Type -> Extension, Item --> 563716-613615, Payment Status --> waiting\n
************** END Log For Day : 2024-04-18 03:30:29am**********\n
************** Start Log For Day : 2024-04-18 03:31:04am**********\n
\n
BTC Payment Notification--- Payment ID --> 5243962522, Item Type -> Extension, Item --> 547420, Payment Status --> \n
\n
BTC Payment Notification--- Payment ID --> 4618312949, Item Type -> Extension, Item --> 824598, Payment Status --> \n
\n
BTC Payment Notification--- Payment ID --> 4449084445, Item Type -> Extension, Item --> 597574, Payment Status --> \n
Array\n
BTC Payment Notification--- Payment ID --> 4511742731, Item Type -> Extension, Item --> 802259-254281, Payment Status --> expired\n
Array\n
BTC Payment Notification--- Payment ID --> 4754623935, Item Type -> Extension, Item --> 732334, Payment Status --> expired\n
Array\n
BTC Payment Notification--- Payment ID --> 5348253468, Item Type -> Extension, Item --> 377998, Payment Status --> expired\n
Array\n
BTC Payment Notification--- Payment ID --> 5888073097, Item Type -> Extension, Item --> 813140, Payment Status --> expired\n
Array\n
BTC Payment Notification--- Payment ID --> 5825940962, Item Type -> Extension, Item --> 582736-930907-449127-941467-425820, Payment Status --> expired\n
Array\n
BTC Payment Notification--- Payment ID --> 4602302117, Item Type -> Extension, Item --> 595698-700440-681921-497459-124234, Payment Status --> expired\n
Array\n
BTC Payment Notification--- Payment ID --> 6434688786, Item Type -> Extension, Item --> 458925, Payment Status --> expired\n
Array\n
BTC Payment Notification--- Payment ID --> 5393794822, Item Type -> Extension, Item --> 875699-895834, Payment Status --> waiting\n
Array\n
BTC Payment Notification--- Payment ID --> 5663395886, Item Type -> Extension, Item --> 866410, Payment Status --> waiting\n
Array\n
BTC Payment Notification--- Payment ID --> 6223023370, Item Type -> Extension, Item --> 563716-613615, Payment Status --> waiting\n
************** END Log For Day : 2024-04-18 03:31:06am**********\n
************** Start Log For Day : 2024-04-18 03:33:50am**********\n
>>>>>>>>>>>  payment Status\n
BTC Payment Notification--- Payment ID --> 5243962522, Item Type -> Extension, Item --> 547420, Payment Status --> \n
>>>>>>>>>>>  payment Status\n
BTC Payment Notification--- Payment ID --> 4618312949, Item Type -> Extension, Item --> 824598, Payment Status --> \n
>>>>>>>>>>>  payment Status\n
BTC Payment Notification--- Payment ID --> 4449084445, Item Type -> Extension, Item --> 597574, Payment Status --> \n
expired>>>>>>>>>>>  payment Status\n
BTC Payment Notification--- Payment ID --> 4511742731, Item Type -> Extension, Item --> 802259-254281, Payment Status --> expired\n
expired>>>>>>>>>>>  payment Status\n
BTC Payment Notification--- Payment ID --> 4754623935, Item Type -> Extension, Item --> 732334, Payment Status --> expired\n
expired>>>>>>>>>>>  payment Status\n
BTC Payment Notification--- Payment ID --> 5348253468, Item Type -> Extension, Item --> 377998, Payment Status --> expired\n
expired>>>>>>>>>>>  payment Status\n
BTC Payment Notification--- Payment ID --> 5888073097, Item Type -> Extension, Item --> 813140, Payment Status --> expired\n
expired>>>>>>>>>>>  payment Status\n
BTC Payment Notification--- Payment ID --> 5825940962, Item Type -> Extension, Item --> 582736-930907-449127-941467-425820, Payment Status --> expired\n
expired>>>>>>>>>>>  payment Status\n
BTC Payment Notification--- Payment ID --> 4602302117, Item Type -> Extension, Item --> 595698-700440-681921-497459-124234, Payment Status --> expired\n
expired>>>>>>>>>>>  payment Status\n
BTC Payment Notification--- Payment ID --> 6434688786, Item Type -> Extension, Item --> 458925, Payment Status --> expired\n
waiting>>>>>>>>>>>  payment Status\n
BTC Payment Notification--- Payment ID --> 5393794822, Item Type -> Extension, Item --> 875699-895834, Payment Status --> waiting\n
waiting>>>>>>>>>>>  payment Status\n
BTC Payment Notification--- Payment ID --> 5663395886, Item Type -> Extension, Item --> 866410, Payment Status --> waiting\n
waiting>>>>>>>>>>>  payment Status\n
BTC Payment Notification--- Payment ID --> 6223023370, Item Type -> Extension, Item --> 563716-613615, Payment Status --> waiting\n
************** END Log For Day : 2024-04-18 03:33:52am**********\n
************** Start Log For Day : 2024-04-18 04:29:20am**********\n
************** Start Log For Day : 2024-04-18 04:31:21am**********\n
************** Start Log For Day : 2024-04-18 04:32:06am**********\n
************** Start Log For Day : 2024-04-18 04:41:02am**********\n
>>>>>>>>>>>  payment Status\n
************** Start Log For Day : 2024-04-18 04:41:35am**********\n
>>>>>>>>>>>  payment Status\n
************** Start Log For Day : 2024-04-18 04:42:11am**********\n
>>>>>>>>>>>  payment Status\n
************** Start Log For Day : 2024-04-18 04:42:44am**********\n
>>>>>>>>>>>  payment Status\n
************** Start Log For Day : 2024-04-18 04:47:21am**********\n
BTC Payment Notification--- Payment ID --> 5243962522, Item Type -> Extension, Item --> 547420, Payment Status --> \n
BTC Payment Notification--- Payment ID --> 4618312949, Item Type -> Extension, Item --> 824598, Payment Status --> \n
BTC Payment Notification--- Payment ID --> 4449084445, Item Type -> Extension, Item --> 597574, Payment Status --> \n
BTC Payment Notification--- Payment ID --> 4511742731, Item Type -> Extension, Item --> 802259-254281, Payment Status --> expired\n
BTC Payment Notification--- Payment ID --> 4754623935, Item Type -> Extension, Item --> 732334, Payment Status --> expired\n
BTC Payment Notification--- Payment ID --> 5348253468, Item Type -> Extension, Item --> 377998, Payment Status --> expired\n
BTC Payment Notification--- Payment ID --> 5888073097, Item Type -> Extension, Item --> 813140, Payment Status --> expired\n
BTC Payment Notification--- Payment ID --> 5825940962, Item Type -> Extension, Item --> 582736-930907-449127-941467-425820, Payment Status --> expired\n
BTC Payment Notification--- Payment ID --> 4602302117, Item Type -> Extension, Item --> 595698-700440-681921-497459-124234, Payment Status --> expired\n
BTC Payment Notification--- Payment ID --> 6434688786, Item Type -> Extension, Item --> 458925, Payment Status --> expired\n
BTC Payment Notification--- Payment ID --> 5393794822, Item Type -> Extension, Item --> 875699-895834, Payment Status --> waiting\n
BTC Payment Notification--- Payment ID --> 5663395886, Item Type -> Extension, Item --> 866410, Payment Status --> waiting\n
BTC Payment Notification--- Payment ID --> 6223023370, Item Type -> Extension, Item --> 563716-613615, Payment Status --> waiting\n
************** END Log For Day : 2024-04-18 04:47:22am**********\n
************** Start Log For Day : 2024-04-18 05:02:37am**********\n
BTC Payment Notification--- Payment ID --> 5243962522, Item Type -> Extension, Item --> 547420, Payment Status --> \n
BTC Payment Notification--- Payment ID --> 4618312949, Item Type -> Extension, Item --> 824598, Payment Status --> \n
BTC Payment Notification--- Payment ID --> 4449084445, Item Type -> Extension, Item --> 597574, Payment Status --> \n
BTC Payment Notification--- Payment ID --> 4511742731, Item Type -> Extension, Item --> 802259-254281, Payment Status --> expired\n
BTC Payment Notification--- Payment ID --> 4754623935, Item Type -> Extension, Item --> 732334, Payment Status --> expired\n
BTC Payment Notification--- Payment ID --> 5348253468, Item Type -> Extension, Item --> 377998, Payment Status --> expired\n
BTC Payment Notification--- Payment ID --> 5888073097, Item Type -> Extension, Item --> 813140, Payment Status --> expired\n
BTC Payment Notification--- Payment ID --> 5825940962, Item Type -> Extension, Item --> 582736-930907-449127-941467-425820, Payment Status --> expired\n
BTC Payment Notification--- Payment ID --> 4602302117, Item Type -> Extension, Item --> 595698-700440-681921-497459-124234, Payment Status --> expired\n
BTC Payment Notification--- Payment ID --> 6434688786, Item Type -> Extension, Item --> 458925, Payment Status --> expired\n
BTC Payment Notification--- Payment ID --> 5393794822, Item Type -> Extension, Item --> 875699-895834, Payment Status --> waiting\n
BTC Payment Notification--- Payment ID --> 5663395886, Item Type -> Extension, Item --> 866410, Payment Status --> waiting\n
BTC Payment Notification--- Payment ID --> 6223023370, Item Type -> Extension, Item --> 563716-613615, Payment Status --> waiting\n
************** END Log For Day : 2024-04-18 05:02:38am**********\n