
************** Start Log For Day : 2024-03-20 02:14:09am**********\n
BTC Payment Successful Notification--- Payment ID --> 6010586189, Item Type -> Extension, Item --> 464646-711950, Payment Status --> finished\n
BTC Payment Successful Notification--- Payment ID --> 5552039586, Item Type -> Extension, Item --> 195931, Payment Status --> finished\n
BTC Payment Successful Notification--- Payment ID --> 5224145377, Item Type -> DID, Item --> 18001786987, Payment Status --> finished\n
************** END Log For Day : 2024-03-20 02:14:15am**********\n
************** Start Log For Day : 2024-03-20 02:23:36am**********\n
BTC Payment Successful Notification--- Payment ID --> 5791854950, Item Type -> Extension, Item --> 123095, Payment Status --> finished\n
************** END Log For Day : 2024-03-20 02:23:37am**********\n
************** Start Log For Day : 2024-03-20 02:27:10am**********\n
BTC Payment Successful Notification--- Payment ID --> 4715833121, Item Type -> Extension, Item --> 934775-699964-666338, Payment Status --> finished\n
BTC Payment Successful Notification--- Payment ID --> 5010794007, Item Type -> Extension, Item --> 193755, Payment Status --> finished\n
************** END Log For Day : 2024-03-20 02:27:14am**********\n
************** Start Log For Day : 2024-03-20 05:51:21am**********\n
BTC Payment Successful Notification--- Payment ID --> 5827062040, Item Type -> Extension, Item --> 896314-812547-668214-573246, Payment Status --> finished\n
BTC Payment Successful Notification--- Payment ID --> 5373863009, Item Type -> Extension, Item --> 625440-520428-664061-390619-820208, Payment Status --> finished\n
BTC Payment Successful Notification--- Payment ID --> 5645181648, Item Type -> Extension, Item --> 602860-338467-484721, Payment Status --> finished\n
************** END Log For Day : 2024-03-20 05:51:29am**********\n
************** Start Log For Day : 2024-03-20 06:04:07am**********\n
BTC Payment Successful Notification--- Payment ID --> 5517264885, Item Type -> Extension, Item --> 523817, Payment Status --> finished\n
BTC Payment Successful Notification--- Payment ID --> 6355935367, Item Type -> Extension, Item --> 275476, Payment Status --> finished\n
************** END Log For Day : 2024-03-20 06:04:13am**********\n