
************** Start Log For Day : 2024-07-09 02:30:01am**********\n
Message could not be sent. Mailer Error: SMTP Error: Could not authenticate.SMTP server error: Called QUIT without being connected\n
DID Expiration Notification:- DID Number:18669786617 Startingdate:2024-06-10 15:27:07 expirationdate:2024-07-10 15:27:07 Remaining Days:1 Mail Status:\n
Message could not be sent. Mailer Error: SMTP Error: Could not authenticate.\n
DID Expiration Notification:- DID Number:18777066346 Startingdate:2024-06-10 14:42:19 expirationdate:2024-07-10 14:42:19 Remaining Days:1 Mail Status:\n
Message could not be sent. Mailer Error: SMTP Error: Could not authenticate.\n
DID Expiration Notification:- DID Number:18553741500 Startingdate:2024-06-10 14:36:49 expirationdate:2024-07-10 14:36:49 Remaining Days:1 Mail Status:\n
Message could not be sent. Mailer Error: SMTP Error: Could not authenticate.\n
DID Expiration Notification:- DID Number:18553830696 Startingdate:2024-06-10 14:34:13 expirationdate:2024-07-10 14:34:13 Remaining Days:1 Mail Status:\n
Message could not be sent. Mailer Error: SMTP Error: Could not authenticate.\n
DID Expiration Notification:- DID Number:18333729061 Startingdate:2024-06-10 13:55:36 expirationdate:2024-07-10 13:55:36 Remaining Days:1 Mail Status:\n
Message could not be sent. Mailer Error: SMTP Error: Could not authenticate.\n
DID Expiration Notification:- DID Number:18553743455 Startingdate:2024-06-10 13:29:47 expirationdate:2024-07-10 13:29:47 Remaining Days:1 Mail Status:\n
Message could not be sent. Mailer Error: SMTP Error: Could not authenticate.\n
DID Expiration Notification:- DID Number:15595335658 Startingdate:2024-06-10 12:55:01 expirationdate:2024-07-10 12:55:01 Remaining Days:1 Mail Status:\n
Message could not be sent. Mailer Error: SMTP Error: Could not authenticate.\n
DID Expiration Notification:- DID Number:18445862798 Startingdate:2024-06-10 12:55:01 expirationdate:2024-07-10 12:55:01 Remaining Days:1 Mail Status:\n
Message could not be sent. Mailer Error: SMTP Error: Could not authenticate.\n
DID Expiration Notification:- DID Number:18553741321 Startingdate:2024-06-10 12:55:01 expirationdate:2024-07-10 12:55:01 Remaining Days:1 Mail Status:\n
Message could not be sent. Mailer Error: SMTP Error: Could not authenticate.\n
DID Expiration Notification:- DID Number:18445862709 Startingdate:2024-06-10 12:46:03 expirationdate:2024-07-10 12:46:03 Remaining Days:1 Mail Status:\n
Message could not be sent. Mailer Error: SMTP Error: Could not authenticate.\n
DID Expiration Notification:- DID Number:18772650058 Startingdate:2024-06-10 12:44:42 expirationdate:2024-07-10 12:44:42 Remaining Days:1 Mail Status:\n
Message could not be sent. Mailer Error: SMTP Error: Could not authenticate.\n
DID Expiration Notification:- DID Number:18557506919 Startingdate:2024-06-10 12:43:21 expirationdate:2024-07-10 12:43:21 Remaining Days:1 Mail Status:\n
Message could not be sent. Mailer Error: SMTP Error: Could not authenticate.\n
DID Expiration Notification:- DID Number:18553749232 Startingdate:2024-06-10 12:25:18 expirationdate:2024-07-10 12:25:18 Remaining Days:1 Mail Status:\n
Message could not be sent. Mailer Error: SMTP Error: Could not authenticate.\n
DID Expiration Notification:- DID Number:18557534658 Startingdate:2024-06-10 12:16:49 expirationdate:2024-07-10 12:16:49 Remaining Days:1 Mail Status:\n
Message could not be sent. Mailer Error: SMTP Error: Could not authenticate.\n
DID Expiration Notification:- DID Number:18338242911 Startingdate:2024-06-10 12:14:15 expirationdate:2024-07-10 12:14:15 Remaining Days:1 Mail Status:\n
Message could not be sent. Mailer Error: SMTP Error: Could not authenticate.\n
DID Expiration Notification:- DID Number:18669572302 Startingdate:2024-06-10 12:09:48 expirationdate:2024-07-10 12:09:48 Remaining Days:1 Mail Status:\n
Message could not be sent. Mailer Error: SMTP Error: Could not authenticate.\n
DID Expiration Notification:- DID Number:18445862569 Startingdate:2024-06-10 12:03:16 expirationdate:2024-07-10 12:03:16 Remaining Days:1 Mail Status:\n
Message could not be sent. Mailer Error: SMTP Error: Could not authenticate.\n
DID Expiration Notification:- DID Number:18887481984 Startingdate:2024-06-10 11:40:17 expirationdate:2024-07-10 11:40:17 Remaining Days:1 Mail Status:\n
Message could not be sent. Mailer Error: SMTP Error: Could not authenticate.\n
DID Expiration Notification:- DID Number:18884965694 Startingdate:2024-06-10 11:36:08 expirationdate:2024-07-10 11:36:08 Remaining Days:1 Mail Status:\n
Message could not be sent. Mailer Error: SMTP Error: Could not authenticate.\n
DID Expiration Notification:- DID Number:18333729051 Startingdate:2024-06-10 11:28:35 expirationdate:2024-07-10 11:28:35 Remaining Days:1 Mail Status:\n
Message could not be sent. Mailer Error: SMTP Error: Could not authenticate.\n
DID Expiration Notification:- DID Number:18338242280 Startingdate:2024-06-10 11:18:04 expirationdate:2024-07-10 11:18:04 Remaining Days:1 Mail Status:\n
Message could not be sent. Mailer Error: SMTP Error: Could not authenticate.\n
DID Expiration Notification:- DID Number:18884965689 Startingdate:2024-06-10 11:11:51 expirationdate:2024-07-10 11:11:51 Remaining Days:1 Mail Status:\n
Message could not be sent. Mailer Error: SMTP Error: Could not authenticate.\n
DID Expiration Notification:- DID Number:18669573076 Startingdate:2024-06-10 11:04:54 expirationdate:2024-07-10 11:04:54 Remaining Days:1 Mail Status:\n
Message could not be sent. Mailer Error: SMTP Error: Could not authenticate.\n
DID Expiration Notification:- DID Number:18779157330 Startingdate:2024-06-10 11:03:31 expirationdate:2024-07-10 11:03:31 Remaining Days:1 Mail Status:\n
Message could not be sent. Mailer Error: SMTP Error: Could not authenticate.\n
DID Expiration Notification:- DID Number:18557928929 Startingdate:2024-06-10 10:58:43 expirationdate:2024-07-10 10:58:43 Remaining Days:1 Mail Status:\n
Message could not be sent. Mailer Error: SMTP Error: Could not authenticate.\n
DID Expiration Notification:- DID Number:18669572986 Startingdate:2024-06-10 10:57:05 expirationdate:2024-07-10 10:57:05 Remaining Days:1 Mail Status:\n
Message could not be sent. Mailer Error: SMTP Error: Could not authenticate.\n
DID Expiration Notification:- DID Number:18445253433 Startingdate:2024-06-10 10:54:21 expirationdate:2024-07-10 10:54:21 Remaining Days:1 Mail Status:\n
Message could not be sent. Mailer Error: SMTP Error: Could not authenticate.\n
DID Expiration Notification:- DID Number:18887485020 Startingdate:2024-06-10 10:52:35 expirationdate:2024-07-10 10:52:35 Remaining Days:1 Mail Status:\n
Message could not be sent. Mailer Error: SMTP Error: Could not authenticate.\n
DID Expiration Notification:- DID Number:18885776921 Startingdate:2024-06-10 10:50:46 expirationdate:2024-07-10 10:50:46 Remaining Days:1 Mail Status:\n
Message could not be sent. Mailer Error: SMTP Error: Could not authenticate.\n
DID Expiration Notification:- DID Number:18553747432 Startingdate:2024-06-10 10:46:54 expirationdate:2024-07-10 10:46:54 Remaining Days:1 Mail Status:\n
Message could not be sent. Mailer Error: SMTP Error: Could not authenticate.\n
DID Expiration Notification:- DID Number:18885823433 Startingdate:2024-07-04 10:31:09 expirationdate:2024-07-10 10:31:09 Remaining Days:1 Mail Status:\n
Message could not be sent. Mailer Error: SMTP Error: Could not authenticate.\n
DID Expiration Notification:- DID Number:18445869933 Startingdate:2024-06-10 10:25:07 expirationdate:2024-07-10 10:25:07 Remaining Days:1 Mail Status:\n
Message could not be sent. Mailer Error: SMTP Error: Could not authenticate.\n
DID Expiration Notification:- DID Number:18445865680 Startingdate:2024-06-10 10:22:41 expirationdate:2024-07-10 10:22:41 Remaining Days:1 Mail Status:\n
Message could not be sent. Mailer Error: SMTP Error: Could not authenticate.\n
DID Expiration Notification:- DID Number:18553747256 Startingdate:2024-06-10 10:14:02 expirationdate:2024-07-10 10:14:02 Remaining Days:1 Mail Status:\n
Message could not be sent. Mailer Error: SMTP Error: Could not authenticate.\n
DID Expiration Notification:- DID Number:18669572956 Startingdate:2024-06-10 10:03:55 expirationdate:2024-07-10 10:03:55 Remaining Days:1 Mail Status:\n
Message could not be sent. Mailer Error: SMTP Error: Could not authenticate.\n
DID Expiration Notification:- DID Number:18332380979 Startingdate:2024-06-10 10:00:18 expirationdate:2024-07-10 10:00:18 Remaining Days:1 Mail Status:\n
Message could not be sent. Mailer Error: SMTP Error: Could not authenticate.\n
DID Expiration Notification:- DID Number:18335883928 Startingdate:2024-06-10 09:52:42 expirationdate:2024-07-10 09:52:42 Remaining Days:1 Mail Status:\n
Message could not be sent. Mailer Error: SMTP Error: Could not authenticate.\n
DID Expiration Notification:- DID Number:18665226043 Startingdate:2024-06-10 09:37:30 expirationdate:2024-07-10 09:37:30 Remaining Days:1 Mail Status:\n
Message could not be sent. Mailer Error: SMTP Error: Could not authenticate.\n
DID Expiration Notification:- DID Number:18445865445 Startingdate:2024-06-10 09:36:26 expirationdate:2024-07-10 09:36:26 Remaining Days:1 Mail Status:\n
Message could not be sent. Mailer Error: SMTP Error: Could not authenticate.\n
DID Expiration Notification:- DID Number:18887484938 Startingdate:2024-06-10 09:35:56 expirationdate:2024-07-10 09:35:56 Remaining Days:1 Mail Status:\n
Message could not be sent. Mailer Error: SMTP Error: Could not authenticate.\n
DID Expiration Notification:- DID Number:18445863170 Startingdate:2024-06-10 09:33:06 expirationdate:2024-07-10 09:33:06 Remaining Days:1 Mail Status:\n
Message could not be sent. Mailer Error: SMTP Error: Could not authenticate.\n
DID Expiration Notification:- DID Number:18669786352 Startingdate:2024-06-10 09:31:29 expirationdate:2024-07-10 09:31:29 Remaining Days:1 Mail Status:\n
Message could not be sent. Mailer Error: SMTP Error: Could not authenticate.\n
DID Expiration Notification:- DID Number:18666833504 Startingdate:2024-06-10 09:20:01 expirationdate:2024-07-10 09:20:01 Remaining Days:1 Mail Status:\n
Message could not be sent. Mailer Error: SMTP Error: Could not authenticate.\n
DID Expiration Notification:- DID Number:18334342603 Startingdate:2024-06-10 09:11:47 expirationdate:2024-07-10 09:11:47 Remaining Days:1 Mail Status:\n
Message could not be sent. Mailer Error: SMTP Error: Could not authenticate.\n
DID Expiration Notification:- DID Number:18669572895 Startingdate:2024-06-10 09:10:26 expirationdate:2024-07-10 09:10:26 Remaining Days:1 Mail Status:\n
Message could not be sent. Mailer Error: SMTP Error: Could not authenticate.\n
DID Expiration Notification:- DID Number:18557502544 Startingdate:2024-06-10 09:09:05 expirationdate:2024-07-10 09:09:05 Remaining Days:1 Mail Status:\n
Message could not be sent. Mailer Error: SMTP Error: Could not authenticate.\n
DID Expiration Notification:- DID Number:18333729047 Startingdate:2024-06-10 09:08:40 expirationdate:2024-07-10 09:08:40 Remaining Days:1 Mail Status:\n
Message could not be sent. Mailer Error: SMTP Error: Could not authenticate.\n
DID Expiration Notification:- DID Number:18774903757 Startingdate:2024-06-10 09:08:09 expirationdate:2024-07-10 09:08:09 Remaining Days:1 Mail Status:\n
Message could not be sent. Mailer Error: SMTP Error: Could not authenticate.\n
DID Expiration Notification:- DID Number:18333729053 Startingdate:2024-06-10 09:05:27 expirationdate:2024-07-10 09:05:27 Remaining Days:1 Mail Status:\n
Message could not be sent. Mailer Error: SMTP Error: Could not authenticate.\n
DID Expiration Notification:- DID Number:18553746768 Startingdate:2024-06-10 08:58:36 expirationdate:2024-07-10 08:58:36 Remaining Days:1 Mail Status:\n
Message could not be sent. Mailer Error: SMTP Error: Could not authenticate.\n
DID Expiration Notification:- DID Number:18666834144 Startingdate:2024-06-10 08:54:23 expirationdate:2024-07-10 08:54:23 Remaining Days:1 Mail Status:\n
Message could not be sent. Mailer Error: SMTP Error: Could not authenticate.\n
DID Expiration Notification:- DID Number:18772657584 Startingdate:2024-06-10 08:51:34 expirationdate:2024-07-10 08:51:34 Remaining Days:1 Mail Status:\n
Message could not be sent. Mailer Error: SMTP Error: Could not authenticate.\n
DID Expiration Notification:- DID Number:18772657921 Startingdate:2024-06-10 08:48:10 expirationdate:2024-07-10 08:48:10 Remaining Days:1 Mail Status:\n
Message could not be sent. Mailer Error: SMTP Error: Could not authenticate.\n
DID Expiration Notification:- DID Number:18669787935 Startingdate:2024-06-10 08:34:29 expirationdate:2024-07-10 08:34:29 Remaining Days:1 Mail Status:\n
Message could not be sent. Mailer Error: SMTP Error: Could not authenticate.\n
DID Expiration Notification:- DID Number:18444097378 Startingdate:2024-06-10 08:32:54 expirationdate:2024-07-10 08:32:54 Remaining Days:1 Mail Status:\n
Message could not be sent. Mailer Error: SMTP Error: Could not authenticate.\n
DID Expiration Notification:- DID Number:18445863185 Startingdate:2024-06-10 08:02:06 expirationdate:2024-07-10 08:02:06 Remaining Days:1 Mail Status:\n
Message could not be sent. Mailer Error: SMTP Error: Could not authenticate.SMTP server error: Called QUIT without being connected\n
DID Expiration Notification:- DID Number:18774909025 Startingdate:2024-06-10 07:40:58 expirationdate:2024-07-10 07:40:58 Remaining Days:1 Mail Status:\n
Message could not be sent. Mailer Error: SMTP Error: Could not authenticate.\n
DID Expiration Notification:- DID Number:18445252672 Startingdate:2024-06-10 04:46:16 expirationdate:2024-07-10 04:46:16 Remaining Days:1 Mail Status:\n
Message could not be sent. Mailer Error: SMTP Error: Could not authenticate.\n
DID Expiration Notification:- DID Number:18334284428 Startingdate:2024-06-10 04:23:14 expirationdate:2024-07-10 04:23:14 Remaining Days:1 Mail Status:\n
Message could not be sent. Mailer Error: SMTP Error: Could not authenticate.\n
DID Expiration Notification:- DID Number:18332025859 Startingdate:2024-06-10 02:29:41 expirationdate:2024-07-10 02:29:41 Remaining Days:1 Mail Status:\n
************** END Log For Day : 2024-07-09 02:30:36am**********\n