
************** Start Log For Day : 2024-07-06 02:30:01am**********\n
SMTP Error: Could not authenticate.\n
SMTP Error: Could not authenticate.\n
SMTP Error: Could not authenticate.\n
SMTP Error: Could not authenticate.\n
SMTP Error: Could not authenticate.\n
SMTP Error: Could not authenticate.\n
SMTP Error: Could not authenticate.\n
SMTP Error: Could not authenticate.\n
SMTP Error: Could not authenticate.\n
SMTP Error: Could not authenticate.\n
SMTP Error: Could not authenticate.\n
SMTP Error: Could not authenticate.\n
SMTP Error: Could not authenticate.\n
Invalid address:  (to): \n
SMTP Error: Could not authenticate.\n
SMTP Error: Could not authenticate.\n
SMTP Error: Could not authenticate.\n
SMTP Error: Could not authenticate.\n
SMTP Error: Could not authenticate.\n
User Id: EXTENSION: creationdate: startingdate: expirationdate: Query Status:\n
************** END Log For Day : 2024-07-06 02:30:11am**********\n